<?xml version="1.0" encoding="UTF-8"?>
<!-- Generated by org.testng.reporters.JUnitReportReporter -->
<testsuite skipped="0" hostname="LAPTOP-7VBCUA20" name="com.spotify.albums.Get_AlbumTracks" tests="1" failures="0" timestamp="2023-01-09T12:37:39 IST" time="2.859" errors="0">
  <testcase name="album" time="2.859" classname="com.spotify.albums.Get_AlbumTracks"/>
  <system-out/>
</testsuite> <!-- com.spotify.albums.Get_AlbumTracks -->
