<?xml version="1.0" encoding="UTF-8"?>
<!-- Generated by org.testng.reporters.JUnitReportReporter -->
<testsuite skipped="0" hostname="LAPTOP-7VBCUA20" name="com.spotify.albums.GetAlbums" tests="1" failures="0" timestamp="2023-01-09T12:49:10 IST" time="2.130" errors="0">
  <testcase name="album" time="2.130" classname="com.spotify.albums.GetAlbums"/>
  <system-out/>
</testsuite> <!-- com.spotify.albums.GetAlbums -->
