<?xml version="1.0" encoding="UTF-8"?>
<!-- Generated by org.testng.reporters.JUnitReportReporter -->
<testsuite skipped="0" hostname="LAPTOP-7VBCUA20" name="com.spotify.endToend.scripts.TC_001_Spotify" tests="1" failures="0" timestamp="2023-01-09T17:22:10 IST" time="11.096" errors="0">
  <testcase name="artist" time="11.096" classname="com.spotify.endToend.scripts.TC_001_Spotify"/>
  <system-out/>
</testsuite> <!-- com.spotify.endToend.scripts.TC_001_Spotify -->
