<?xml version="1.0" encoding="UTF-8"?>
<!-- Generated by org.testng.reporters.JUnitReportReporter -->
<testsuite skipped="0" hostname="LAPTOP-7VBCUA20" name="com.spotify.playlist.Get_Playlist" tests="1" failures="0" timestamp="2023-01-09T13:34:16 IST" time="4.717" errors="0">
  <testcase name="playlists" time="4.717" classname="com.spotify.playlist.Get_Playlist"/>
  <system-out/>
</testsuite> <!-- com.spotify.playlist.Get_Playlist -->
