<?xml version="1.0" encoding="UTF-8"?>
<!-- Generated by org.testng.reporters.JUnitReportReporter -->
<testsuite skipped="0" hostname="LAPTOP-7VBCUA20" name="com.spotify.users.Get_User_Profile" tests="1" failures="0" timestamp="2023-01-09T13:41:37 IST" time="3.145" errors="0">
  <testcase name="user" time="3.145" classname="com.spotify.users.Get_User_Profile"/>
  <system-out/>
</testsuite> <!-- com.spotify.users.Get_User_Profile -->
