<?xml version="1.0" encoding="UTF-8"?>
<!-- Generated by org.testng.reporters.JUnitReportReporter -->
<testsuite skipped="0" hostname="LAPTOP-7VBCUA20" name="com.spotify.artists.Get_Artist_Related_Artist" tests="1" failures="0" timestamp="2023-01-09T12:51:07 IST" time="2.298" errors="0">
  <testcase name="artist" time="2.298" classname="com.spotify.artists.Get_Artist_Related_Artist"/>
  <system-out/>
</testsuite> <!-- com.spotify.artists.Get_Artist_Related_Artist -->
