<?xml version="1.0" encoding="UTF-8"?>
<!-- Generated by org.testng.reporters.JUnitReportReporter -->
<testsuite skipped="0" hostname="LAPTOP-7VBCUA20" name="com.spotify.albums.GetNewRelease" tests="1" failures="0" timestamp="2023-01-09T12:49:27 IST" time="2.317" errors="0">
  <testcase name="album" time="2.317" classname="com.spotify.albums.GetNewRelease"/>
  <system-out/>
</testsuite> <!-- com.spotify.albums.GetNewRelease -->
