<?xml version="1.0" encoding="UTF-8"?>
<!-- Generated by org.testng.reporters.JUnitReportReporter -->
<testsuite skipped="0" hostname="LAPTOP-7VBCUA20" name="com.spotify.autorization.Authorization" tests="1" failures="0" timestamp="2023-01-09T11:20:23 IST" time="3.883" errors="0">
  <testcase name="getautorize" time="3.883" classname="com.spotify.autorization.Authorization"/>
  <system-out/>
</testsuite> <!-- com.spotify.autorization.Authorization -->
