<?xml version="1.0" encoding="UTF-8"?>
<!-- Generated by org.testng.reporters.JUnitReportReporter -->
<testsuite skipped="0" hostname="LAPTOP-7VBCUA20" name="com.spotify.users.Get_User" tests="1" failures="0" timestamp="2023-01-09T13:42:59 IST" time="3.468" errors="0">
  <testcase name="user" time="3.468" classname="com.spotify.users.Get_User"/>
  <system-out/>
</testsuite> <!-- com.spotify.users.Get_User -->
