<?xml version="1.0" encoding="UTF-8"?>
<!-- Generated by org.testng.reporters.JUnitReportReporter -->
<testsuite skipped="0" hostname="LAPTOP-7VBCUA20" name="com.spotify.tracks.Get_A_Track" tests="1" failures="0" timestamp="2023-01-09T13:37:56 IST" time="0.817" errors="0">
  <testcase name="tracks" time="0.817" classname="com.spotify.tracks.Get_A_Track"/>
  <system-out/>
</testsuite> <!-- com.spotify.tracks.Get_A_Track -->
