<?xml version="1.0" encoding="UTF-8"?>
<!-- Generated by org.testng.reporters.JUnitReportReporter -->
<testsuite skipped="0" hostname="LAPTOP-7VBCUA20" name="com.spotify.albums.Get_A_Album" tests="1" failures="0" timestamp="2023-01-09T12:46:01 IST" time="2.868" errors="0">
  <testcase name="album" time="2.868" classname="com.spotify.albums.Get_A_Album"/>
  <system-out/>
</testsuite> <!-- com.spotify.albums.Get_A_Album -->
