<?xml version="1.0" encoding="UTF-8"?>
<!-- Generated by org.testng.reporters.JUnitReportReporter -->
<testsuite skipped="0" hostname="LAPTOP-7VBCUA20" name="com.spotify.markets.Markets" tests="1" failures="0" timestamp="2023-01-09T13:08:06 IST" time="2.886" errors="0">
  <testcase name="market" time="2.886" classname="com.spotify.markets.Markets"/>
  <system-out/>
</testsuite> <!-- com.spotify.markets.Markets -->
