<?xml version="1.0" encoding="UTF-8"?>
<!-- Generated by org.testng.reporters.JUnitReportReporter -->
<testsuite skipped="0" hostname="LAPTOP-7VBCUA20" name="com.spotify.episodes.Get_A_Episode" tests="1" failures="0" timestamp="2023-01-09T13:02:30 IST" time="3.614" errors="0">
  <testcase name="shows" time="3.614" classname="com.spotify.episodes.Get_A_Episode"/>
  <system-out/>
</testsuite> <!-- com.spotify.episodes.Get_A_Episode -->
