<?xml version="1.0" encoding="UTF-8"?>
<!-- Generated by org.testng.reporters.JUnitReportReporter -->
<testsuite skipped="0" hostname="LAPTOP-7VBCUA20" name="com.spotify.autorization.RenewToken" tests="1" failures="0" timestamp="2023-01-09T17:21:47 IST" time="4.434" errors="0">
  <testcase name="get_Token" time="4.434" classname="com.spotify.autorization.RenewToken"/>
  <system-out/>
</testsuite> <!-- com.spotify.autorization.RenewToken -->
