<?xml version="1.0" encoding="UTF-8"?>
<!-- Generated by org.testng.reporters.JUnitReportReporter -->
<testsuite skipped="0" hostname="LAPTOP-7VBCUA20" name="com.spotify.playlist.Get_Playlist_Items" tests="1" failures="0" timestamp="2023-01-09T13:33:08 IST" time="3.579" errors="0">
  <testcase name="playlists" time="3.579" classname="com.spotify.playlist.Get_Playlist_Items"/>
  <system-out/>
</testsuite> <!-- com.spotify.playlist.Get_Playlist_Items -->
