<?xml version="1.0" encoding="UTF-8"?>
<!-- Generated by org.testng.reporters.JUnitReportReporter -->
<testsuite skipped="0" hostname="LAPTOP-7VBCUA20" name="com.spotify.artists.Get_Several_Artists" tests="1" failures="0" timestamp="2023-01-09T12:44:28 IST" time="7.088" errors="0">
  <testcase name="artist" time="7.088" classname="com.spotify.artists.Get_Several_Artists"/>
  <system-out/>
</testsuite> <!-- com.spotify.artists.Get_Several_Artists -->
