<?xml version="1.0" encoding="UTF-8"?>
<!-- Generated by org.testng.reporters.JUnitReportReporter -->
<testsuite skipped="0" hostname="LAPTOP-7VBCUA20" name="com.spotify.categories.Several_Browse_Categories" tests="1" failures="0" timestamp="2023-01-09T12:51:42 IST" time="3.362" errors="0">
  <testcase name="categories" time="3.362" classname="com.spotify.categories.Several_Browse_Categories"/>
  <system-out/>
</testsuite> <!-- com.spotify.categories.Several_Browse_Categories -->
