<?xml version="1.0" encoding="UTF-8"?>
<!-- Generated by org.testng.reporters.JUnitReportReporter -->
<testsuite skipped="0" hostname="TYSS-Manjappa" name="com.spotify.shows.Get_Shows_Episodes" tests="1" failures="0" timestamp="2023-01-05T10:39:10 IST" time="2.867" errors="0">
  <testcase name="shows" time="2.867" classname="com.spotify.shows.Get_Shows_Episodes"/>
  <system-out/>
</testsuite> <!-- com.spotify.shows.Get_Shows_Episodes -->
